<?xml version="1.0" encoding="UTF-8"?>
<testsuite xmlns:xsi="http://www.w3.org/2001/XMLSchema-instance" xsi:noNamespaceSchemaLocation="https://maven.apache.org/surefire/maven-surefire-plugin/xsd/surefire-test-report-3.0.xsd" version="3.0" name="org.eclipse.scout.apps.contacts.server.common.PersonTableServiceTest" time="1.31" tests="1" errors="1" skipped="0" failures="0">
  <properties>
    <property name="http.proxyHost" value=""/>
    <property name="java.specification.version" value="18"/>
    <property name="sun.cpu.isalist" value="amd64"/>
    <property name="sun.jnu.encoding" value="UTF-8"/>
    <property name="java.class.path" value="C:\Users\ADMIVBDM\.m2\repository\org\apache\maven\surefire\surefire-booter\3.2.3\surefire-booter-3.2.3.jar;C:\Users\ADMIVBDM\.m2\repository\org\apache\maven\surefire\surefire-api\3.2.3\surefire-api-3.2.3.jar;C:\Users\ADMIVBDM\.m2\repository\org\apache\maven\surefire\surefire-logger-api\3.2.3\surefire-logger-api-3.2.3.jar;C:\Users\ADMIVBDM\.m2\repository\org\apache\maven\surefire\surefire-shared-utils\3.2.3\surefire-shared-utils-3.2.3.jar;C:\Users\ADMIVBDM\.m2\repository\org\apache\maven\surefire\surefire-extensions-spi\3.2.3\surefire-extensions-spi-3.2.3.jar;C:\Users\IVBDM\workspace\helloscout\contacts.server\target\test-classes;C:\Users\IVBDM\workspace\helloscout\contacts.server\target\classes;C:\Users\ADMIVBDM\.m2\repository\org\eclipse\scout\rt\org.eclipse.scout.rt.server\24.2.12\org.eclipse.scout.rt.server-24.2.12.jar;C:\Users\ADMIVBDM\.m2\repository\org\eclipse\scout\rt\org.eclipse.scout.rt.shared\24.2.12\org.eclipse.scout.rt.shared-24.2.12.jar;C:\Users\ADMIVBDM\.m2\repository\org\eclipse\scout\rt\org.eclipse.scout.rt.platform\24.2.12\org.eclipse.scout.rt.platform-24.2.12.jar;C:\Users\ADMIVBDM\.m2\repository\io\smallrye\jandex\3.1.6\jandex-3.1.6.jar;C:\Users\ADMIVBDM\.m2\repository\jakarta\annotation\jakarta.annotation-api\2.0.0\jakarta.annotation-api-2.0.0.jar;C:\Users\ADMIVBDM\.m2\repository\org\quartz-scheduler\quartz\2.3.2\quartz-2.3.2.jar;C:\Users\ADMIVBDM\.m2\repository\org\eclipse\scout\rt\org.eclipse.scout.json\24.2.12\org.eclipse.scout.json-24.2.12.jar;C:\Users\ADMIVBDM\.m2\repository\io\opentelemetry\opentelemetry-api\1.34.1\opentelemetry-api-1.34.1.jar;C:\Users\ADMIVBDM\.m2\repository\io\opentelemetry\opentelemetry-context\1.34.1\opentelemetry-context-1.34.1.jar;C:\Users\ADMIVBDM\.m2\repository\org\eclipse\scout\rt\org.eclipse.scout.rt.security\24.2.12\org.eclipse.scout.rt.security-24.2.12.jar;C:\Users\ADMIVBDM\.m2\repository\org\eclipse\scout\rt\org.eclipse.scout.rt.api.data\24.2.12\org.eclipse.scout.rt.api.data-24.2.12.jar;C:\Users\ADMIVBDM\.m2\repository\org\eclipse\scout\rt\org.eclipse.scout.rt.nls\24.2.12\org.eclipse.scout.rt.nls-24.2.12.jar;C:\Users\ADMIVBDM\.m2\repository\com\google\http-client\google-http-client\1.43.3\google-http-client-1.43.3.jar;C:\Users\ADMIVBDM\.m2\repository\com\google\code\findbugs\jsr305\3.0.2\jsr305-3.0.2.jar;C:\Users\ADMIVBDM\.m2\repository\com\google\errorprone\error_prone_annotations\2.23.0\error_prone_annotations-2.23.0.jar;C:\Users\ADMIVBDM\.m2\repository\com\google\guava\guava\33.0.0-jre\guava-33.0.0-jre.jar;C:\Users\ADMIVBDM\.m2\repository\com\google\guava\failureaccess\1.0.2\failureaccess-1.0.2.jar;C:\Users\ADMIVBDM\.m2\repository\com\google\guava\listenablefuture\9999.0-empty-to-avoid-conflict-with-guava\listenablefuture-9999.0-empty-to-avoid-conflict-with-guava.jar;C:\Users\ADMIVBDM\.m2\repository\org\checkerframework\checker-qual\3.41.0\checker-qual-3.41.0.jar;C:\Users\ADMIVBDM\.m2\repository\com\google\j2objc\j2objc-annotations\2.8\j2objc-annotations-2.8.jar;C:\Users\ADMIVBDM\.m2\repository\io\opencensus\opencensus-api\0.31.1\opencensus-api-0.31.1.jar;C:\Users\ADMIVBDM\.m2\repository\io\grpc\grpc-context\1.27.2\grpc-context-1.27.2.jar;C:\Users\ADMIVBDM\.m2\repository\io\opencensus\opencensus-contrib-http-util\0.31.1\opencensus-contrib-http-util-0.31.1.jar;C:\Users\ADMIVBDM\.m2\repository\org\apache\httpcomponents\client5\httpclient5\5.2.1\httpclient5-5.2.1.jar;C:\Users\ADMIVBDM\.m2\repository\org\apache\httpcomponents\core5\httpcore5\5.2\httpcore5-5.2.jar;C:\Users\ADMIVBDM\.m2\repository\org\apache\httpcomponents\core5\httpcore5-h2\5.2\httpcore5-h2-5.2.jar;C:\Users\ADMIVBDM\.m2\repository\org\slf4j\jcl-over-slf4j\2.0.9\jcl-over-slf4j-2.0.9.jar;C:\Users\ADMIVBDM\.m2\repository\org\eclipse\scout\rt\org.eclipse.scout.rt.server.commons\24.2.12\org.eclipse.scout.rt.server.commons-24.2.12.jar;C:\Users\ADMIVBDM\.m2\repository\org\eclipse\scout\rt\org.eclipse.scout.rt.mom.api\24.2.12\org.eclipse.scout.rt.mom.api-24.2.12.jar;C:\Users\ADMIVBDM\.m2\repository\org\eclipse\scout\rt\org.eclipse.scout.rt.dataobject\24.2.12\org.eclipse.scout.rt.dataobject-24.2.12.jar;C:\Users\ADMIVBDM\.m2\repository\org\eclipse\scout\rt\org.eclipse.scout.rt.uinotification\24.2.12\org.eclipse.scout.rt.uinotification-24.2.12.jar;C:\Users\IVBDM\workspace\helloscout\contacts.shared\target\contacts.shared-1.0.0-SNAPSHOT.jar;C:\Users\ADMIVBDM\.m2\repository\org\slf4j\jul-to-slf4j\2.0.9\jul-to-slf4j-2.0.9.jar;C:\Users\ADMIVBDM\.m2\repository\org\eclipse\scout\rt\org.eclipse.scout.rt.server.test\24.2.12\org.eclipse.scout.rt.server.test-24.2.12.jar;C:\Users\ADMIVBDM\.m2\repository\jakarta\servlet\jakarta.servlet-api\5.0.0\jakarta.servlet-api-5.0.0.jar;C:\Users\ADMIVBDM\.m2\repository\org\eclipse\scout\rt\org.eclipse.scout.rt.shared.test\24.2.12\org.eclipse.scout.rt.shared.test-24.2.12.jar;C:\Users\ADMIVBDM\.m2\repository\org\eclipse\scout\rt\org.eclipse.scout.rt.platform.test\24.2.12\org.eclipse.scout.rt.platform.test-24.2.12.jar;C:\Users\ADMIVBDM\.m2\repository\junit\junit\4.13.2\junit-4.13.2.jar;C:\Users\ADMIVBDM\.m2\repository\org\hamcrest\hamcrest-core\1.3\hamcrest-core-1.3.jar;C:\Users\ADMIVBDM\.m2\repository\org\mockito\mockito-core\5.7.0\mockito-core-5.7.0.jar;C:\Users\ADMIVBDM\.m2\repository\net\bytebuddy\byte-buddy\1.14.9\byte-buddy-1.14.9.jar;C:\Users\ADMIVBDM\.m2\repository\net\bytebuddy\byte-buddy-agent\1.14.9\byte-buddy-agent-1.14.9.jar;C:\Users\ADMIVBDM\.m2\repository\org\objenesis\objenesis\3.3\objenesis-3.3.jar;C:\Users\ADMIVBDM\.m2\repository\org\eclipse\scout\rt\org.eclipse.scout.rt.dataobject.test\24.2.12\org.eclipse.scout.rt.dataobject.test-24.2.12.jar;C:\Users\ADMIVBDM\.m2\repository\ch\qos\logback\logback-classic\1.4.14\logback-classic-1.4.14.jar;C:\Users\ADMIVBDM\.m2\repository\ch\qos\logback\logback-core\1.4.14\logback-core-1.4.14.jar;C:\Users\ADMIVBDM\.m2\repository\org\slf4j\slf4j-api\2.0.9\slf4j-api-2.0.9.jar;C:\Users\ADMIVBDM\.m2\repository\org\eclipse\scout\rt\org.eclipse.scout.rt.server.jdbc\24.2.12\org.eclipse.scout.rt.server.jdbc-24.2.12.jar;C:\Users\ADMIVBDM\.m2\repository\org\apache\derby\derby\10.16.1.1\derby-10.16.1.1.jar;C:\Users\ADMIVBDM\.m2\repository\org\apache\derby\derbyshared\10.16.1.1\derbyshared-10.16.1.1.jar;C:\Users\ADMIVBDM\.m2\repository\org\apache\derby\derbytools\10.16.1.1\derbytools-10.16.1.1.jar;C:\Users\ADMIVBDM\.m2\repository\org\apache\maven\surefire\surefire-junit4\3.2.3\surefire-junit4-3.2.3.jar;C:\Users\ADMIVBDM\.m2\repository\org\apache\maven\surefire\common-java5\3.2.3\common-java5-3.2.3.jar;C:\Users\ADMIVBDM\.m2\repository\org\apache\maven\surefire\common-junit3\3.2.3\common-junit3-3.2.3.jar;C:\Users\ADMIVBDM\.m2\repository\org\apache\maven\surefire\common-junit4\3.2.3\common-junit4-3.2.3.jar"/>
    <property name="https.proxyPort" value=""/>
    <property name="java.vm.vendor" value="Oracle Corporation"/>
    <property name="sun.arch.data.model" value="64"/>
    <property name="ftp.proxyPort" value=""/>
    <property name="user.variant" value=""/>
    <property name="java.vendor.url" value="https://java.oracle.com/"/>
    <property name="user.timezone" value="Europe/Berlin"/>
    <property name="os.name" value="Windows 10"/>
    <property name="java.vm.specification.version" value="18"/>
    <property name="sun.java.launcher" value="SUN_STANDARD"/>
    <property name="user.country" value="DE"/>
    <property name="sun.boot.library.path" value="C:\Program Files\Java\jdk-18.0.2.1\bin"/>
    <property name="sun.java.command" value="org.apache.maven.surefire.booter.ForkedBooter C:\Users\ADMIVBDM\AppData\Local\Temp\surefire2911765737137484052 2024-11-06T13-22-02_351-jvmRun1 surefire-20241106132207551_4tmp surefire_3-20241106132207551_8tmp"/>
    <property name="http.nonProxyHosts" value=""/>
    <property name="jdk.debug" value="release"/>
    <property name="surefire.test.class.path" value="C:\Users\IVBDM\workspace\helloscout\contacts.server\target\test-classes;C:\Users\IVBDM\workspace\helloscout\contacts.server\target\classes;C:\Users\ADMIVBDM\.m2\repository\org\eclipse\scout\rt\org.eclipse.scout.rt.server\24.2.12\org.eclipse.scout.rt.server-24.2.12.jar;C:\Users\ADMIVBDM\.m2\repository\org\eclipse\scout\rt\org.eclipse.scout.rt.shared\24.2.12\org.eclipse.scout.rt.shared-24.2.12.jar;C:\Users\ADMIVBDM\.m2\repository\org\eclipse\scout\rt\org.eclipse.scout.rt.platform\24.2.12\org.eclipse.scout.rt.platform-24.2.12.jar;C:\Users\ADMIVBDM\.m2\repository\io\smallrye\jandex\3.1.6\jandex-3.1.6.jar;C:\Users\ADMIVBDM\.m2\repository\jakarta\annotation\jakarta.annotation-api\2.0.0\jakarta.annotation-api-2.0.0.jar;C:\Users\ADMIVBDM\.m2\repository\org\quartz-scheduler\quartz\2.3.2\quartz-2.3.2.jar;C:\Users\ADMIVBDM\.m2\repository\org\eclipse\scout\rt\org.eclipse.scout.json\24.2.12\org.eclipse.scout.json-24.2.12.jar;C:\Users\ADMIVBDM\.m2\repository\io\opentelemetry\opentelemetry-api\1.34.1\opentelemetry-api-1.34.1.jar;C:\Users\ADMIVBDM\.m2\repository\io\opentelemetry\opentelemetry-context\1.34.1\opentelemetry-context-1.34.1.jar;C:\Users\ADMIVBDM\.m2\repository\org\eclipse\scout\rt\org.eclipse.scout.rt.security\24.2.12\org.eclipse.scout.rt.security-24.2.12.jar;C:\Users\ADMIVBDM\.m2\repository\org\eclipse\scout\rt\org.eclipse.scout.rt.api.data\24.2.12\org.eclipse.scout.rt.api.data-24.2.12.jar;C:\Users\ADMIVBDM\.m2\repository\org\eclipse\scout\rt\org.eclipse.scout.rt.nls\24.2.12\org.eclipse.scout.rt.nls-24.2.12.jar;C:\Users\ADMIVBDM\.m2\repository\com\google\http-client\google-http-client\1.43.3\google-http-client-1.43.3.jar;C:\Users\ADMIVBDM\.m2\repository\com\google\code\findbugs\jsr305\3.0.2\jsr305-3.0.2.jar;C:\Users\ADMIVBDM\.m2\repository\com\google\errorprone\error_prone_annotations\2.23.0\error_prone_annotations-2.23.0.jar;C:\Users\ADMIVBDM\.m2\repository\com\google\guava\guava\33.0.0-jre\guava-33.0.0-jre.jar;C:\Users\ADMIVBDM\.m2\repository\com\google\guava\failureaccess\1.0.2\failureaccess-1.0.2.jar;C:\Users\ADMIVBDM\.m2\repository\com\google\guava\listenablefuture\9999.0-empty-to-avoid-conflict-with-guava\listenablefuture-9999.0-empty-to-avoid-conflict-with-guava.jar;C:\Users\ADMIVBDM\.m2\repository\org\checkerframework\checker-qual\3.41.0\checker-qual-3.41.0.jar;C:\Users\ADMIVBDM\.m2\repository\com\google\j2objc\j2objc-annotations\2.8\j2objc-annotations-2.8.jar;C:\Users\ADMIVBDM\.m2\repository\io\opencensus\opencensus-api\0.31.1\opencensus-api-0.31.1.jar;C:\Users\ADMIVBDM\.m2\repository\io\grpc\grpc-context\1.27.2\grpc-context-1.27.2.jar;C:\Users\ADMIVBDM\.m2\repository\io\opencensus\opencensus-contrib-http-util\0.31.1\opencensus-contrib-http-util-0.31.1.jar;C:\Users\ADMIVBDM\.m2\repository\org\apache\httpcomponents\client5\httpclient5\5.2.1\httpclient5-5.2.1.jar;C:\Users\ADMIVBDM\.m2\repository\org\apache\httpcomponents\core5\httpcore5\5.2\httpcore5-5.2.jar;C:\Users\ADMIVBDM\.m2\repository\org\apache\httpcomponents\core5\httpcore5-h2\5.2\httpcore5-h2-5.2.jar;C:\Users\ADMIVBDM\.m2\repository\org\slf4j\jcl-over-slf4j\2.0.9\jcl-over-slf4j-2.0.9.jar;C:\Users\ADMIVBDM\.m2\repository\org\eclipse\scout\rt\org.eclipse.scout.rt.server.commons\24.2.12\org.eclipse.scout.rt.server.commons-24.2.12.jar;C:\Users\ADMIVBDM\.m2\repository\org\eclipse\scout\rt\org.eclipse.scout.rt.mom.api\24.2.12\org.eclipse.scout.rt.mom.api-24.2.12.jar;C:\Users\ADMIVBDM\.m2\repository\org\eclipse\scout\rt\org.eclipse.scout.rt.dataobject\24.2.12\org.eclipse.scout.rt.dataobject-24.2.12.jar;C:\Users\ADMIVBDM\.m2\repository\org\eclipse\scout\rt\org.eclipse.scout.rt.uinotification\24.2.12\org.eclipse.scout.rt.uinotification-24.2.12.jar;C:\Users\IVBDM\workspace\helloscout\contacts.shared\target\contacts.shared-1.0.0-SNAPSHOT.jar;C:\Users\ADMIVBDM\.m2\repository\org\slf4j\jul-to-slf4j\2.0.9\jul-to-slf4j-2.0.9.jar;C:\Users\ADMIVBDM\.m2\repository\org\eclipse\scout\rt\org.eclipse.scout.rt.server.test\24.2.12\org.eclipse.scout.rt.server.test-24.2.12.jar;C:\Users\ADMIVBDM\.m2\repository\jakarta\servlet\jakarta.servlet-api\5.0.0\jakarta.servlet-api-5.0.0.jar;C:\Users\ADMIVBDM\.m2\repository\org\eclipse\scout\rt\org.eclipse.scout.rt.shared.test\24.2.12\org.eclipse.scout.rt.shared.test-24.2.12.jar;C:\Users\ADMIVBDM\.m2\repository\org\eclipse\scout\rt\org.eclipse.scout.rt.platform.test\24.2.12\org.eclipse.scout.rt.platform.test-24.2.12.jar;C:\Users\ADMIVBDM\.m2\repository\junit\junit\4.13.2\junit-4.13.2.jar;C:\Users\ADMIVBDM\.m2\repository\org\hamcrest\hamcrest-core\1.3\hamcrest-core-1.3.jar;C:\Users\ADMIVBDM\.m2\repository\org\mockito\mockito-core\5.7.0\mockito-core-5.7.0.jar;C:\Users\ADMIVBDM\.m2\repository\net\bytebuddy\byte-buddy\1.14.9\byte-buddy-1.14.9.jar;C:\Users\ADMIVBDM\.m2\repository\net\bytebuddy\byte-buddy-agent\1.14.9\byte-buddy-agent-1.14.9.jar;C:\Users\ADMIVBDM\.m2\repository\org\objenesis\objenesis\3.3\objenesis-3.3.jar;C:\Users\ADMIVBDM\.m2\repository\org\eclipse\scout\rt\org.eclipse.scout.rt.dataobject.test\24.2.12\org.eclipse.scout.rt.dataobject.test-24.2.12.jar;C:\Users\ADMIVBDM\.m2\repository\ch\qos\logback\logback-classic\1.4.14\logback-classic-1.4.14.jar;C:\Users\ADMIVBDM\.m2\repository\ch\qos\logback\logback-core\1.4.14\logback-core-1.4.14.jar;C:\Users\ADMIVBDM\.m2\repository\org\slf4j\slf4j-api\2.0.9\slf4j-api-2.0.9.jar;C:\Users\ADMIVBDM\.m2\repository\org\eclipse\scout\rt\org.eclipse.scout.rt.server.jdbc\24.2.12\org.eclipse.scout.rt.server.jdbc-24.2.12.jar;C:\Users\ADMIVBDM\.m2\repository\org\apache\derby\derby\10.16.1.1\derby-10.16.1.1.jar;C:\Users\ADMIVBDM\.m2\repository\org\apache\derby\derbyshared\10.16.1.1\derbyshared-10.16.1.1.jar;C:\Users\ADMIVBDM\.m2\repository\org\apache\derby\derbytools\10.16.1.1\derbytools-10.16.1.1.jar;"/>
    <property name="sun.cpu.endian" value="little"/>
    <property name="ftp.proxyHost" value=""/>
    <property name="user.home" value="C:\Users\ADMIVBDM"/>
    <property name="user.language" value="de"/>
    <property name="java.specification.vendor" value="Oracle Corporation"/>
    <property name="java.version.date" value="2022-08-18"/>
    <property name="java.home" value="C:\Program Files\Java\jdk-18.0.2.1"/>
    <property name="file.separator" value="\"/>
    <property name="basedir" value="C:\Users\IVBDM\workspace\helloscout\contacts.server"/>
    <property name="https.proxyHost" value=""/>
    <property name="java.vm.compressedOopsMode" value="32-bit"/>
    <property name="line.separator" value="&#10;"/>
    <property name="java.vm.specification.vendor" value="Oracle Corporation"/>
    <property name="java.specification.name" value="Java Platform API Specification"/>
    <property name="java.awt.headless" value="true"/>
    <property name="user.script" value=""/>
    <property name="sun.management.compiler" value="HotSpot 64-Bit Tiered Compilers"/>
    <property name="ftp.nonProxyHosts" value=""/>
    <property name="java.runtime.version" value="18.0.2.1+1-1"/>
    <property name="user.name" value="ADMIVBDM"/>
    <property name="path.separator" value=";"/>
    <property name="os.version" value="10.0"/>
    <property name="java.runtime.name" value="Java(TM) SE Runtime Environment"/>
    <property name="file.encoding" value="UTF-8"/>
    <property name="java.vm.name" value="Java HotSpot(TM) 64-Bit Server VM"/>
    <property name="localRepository" value="C:\Users\ADMIVBDM\.m2\repository"/>
    <property name="java.vendor.url.bug" value="https://bugreport.java.com/bugreport/"/>
    <property name="java.io.tmpdir" value="C:\Users\ADMIVBDM\AppData\Local\Temp\"/>
    <property name="idea.version" value="2023.2.7"/>
    <property name="java.version" value="18.0.2.1"/>
    <property name="user.dir" value="C:\Users\IVBDM\workspace\helloscout\contacts.server"/>
    <property name="os.arch" value="amd64"/>
    <property name="java.vm.specification.name" value="Java Virtual Machine Specification"/>
    <property name="java.util.logging.SimpleFormatter.format" value="%1$tY-%1$tm-%1$td %1$tH:%1$tM:%1$tS %4$s %5$s%6$s%n"/>
    <property name="sun.os.patch.level" value=""/>
    <property name="native.encoding" value="Cp1252"/>
    <property name="java.library.path" value="C:\Program Files\Java\jdk-18.0.2.1\bin;C:\WINDOWS\Sun\Java\bin;C:\WINDOWS\system32;C:\WINDOWS;C:\Program Files\Common Files\Oracle\Java\javapath;C:\Program Files\Java\jdk1.8.0_181_x64-dcevm\bin;C:\WINDOWS\system32;C:\WINDOWS;C:\WINDOWS\System32\Wbem;C:\WINDOWS\System32\WindowsPowerShell\v1.0\;C:\WINDOWS\System32\OpenSSH\;C:\Users\IVBDM\AppData\Local\Programs\Python;C:\Program Files\apache-maven-3.9.9\bin;C:\Users\IVBDM\AppData\Local\Programs\Python\Python313;C:\Program Files\Docker\Docker\resources\bin;C:\ProgramData\chocolatey\bin;node_modules\npm;C:\Users\IVBDM\AppData\Roaming\npm;C:\Program Files\Java\jdk-17\bin;C:\Program Files\Java\jdk-18.0.2.1\bin;C:\utils\nvm;C:\Program Files\nodejs;C:\ProgramData\Microsoft\Windows\Start Menu\Programs\NVM for Windows;C:\Program Files\IntelliJIdea-232\bin;C:\Program Files\Git\cmd;C:\Users\ADMIVBDM\AppData\Local\Microsoft\WindowsApps;."/>
    <property name="java.vm.info" value="mixed mode, sharing"/>
    <property name="java.vendor" value="Oracle Corporation"/>
    <property name="java.vm.version" value="18.0.2.1+1-1"/>
    <property name="sun.io.unicode.encoding" value="UnicodeLittle"/>
    <property name="java.class.version" value="62.0"/>
    <property name="http.proxyPort" value=""/>
  </properties>
  <testcase name="initializationError" classname="org.eclipse.scout.apps.contacts.server.common.PersonTableServiceTest" time="0.043">
    <error message="Invalid test class &apos;org.eclipse.scout.apps.contacts.server.common.PersonTableServiceTest&apos;:&#10;  1. No runnable methods" type="org.junit.runners.model.InvalidTestClassError"><![CDATA[org.junit.runners.model.InvalidTestClassError: 
Invalid test class 'org.eclipse.scout.apps.contacts.server.common.PersonTableServiceTest':
  1. No runnable methods
	at org.junit.runners.ParentRunner.validate(ParentRunner.java:525)
	at org.junit.runners.ParentRunner.<init>(ParentRunner.java:92)
	at org.junit.runners.BlockJUnit4ClassRunner.<init>(BlockJUnit4ClassRunner.java:74)
	at org.eclipse.scout.rt.testing.platform.runner.PlatformTestRunner.<init>(PlatformTestRunner.java:70)
	at org.eclipse.scout.rt.testing.server.runner.ServerTestRunner.<init>(ServerTestRunner.java:69)
	at java.base/jdk.internal.reflect.DirectConstructorHandleAccessor.newInstance(DirectConstructorHandleAccessor.java:67)
	at java.base/java.lang.reflect.Constructor.newInstanceWithCaller(Constructor.java:499)
	at java.base/java.lang.reflect.Constructor.newInstance(Constructor.java:483)
	at org.junit.internal.builders.AnnotatedBuilder.buildRunner(AnnotatedBuilder.java:104)
	at org.junit.internal.builders.AnnotatedBuilder.runnerForClass(AnnotatedBuilder.java:86)
	at org.junit.runners.model.RunnerBuilder.safeRunnerForClass(RunnerBuilder.java:70)
	at org.junit.internal.builders.AllDefaultPossibilitiesBuilder.runnerForClass(AllDefaultPossibilitiesBuilder.java:37)
	at org.junit.runners.model.RunnerBuilder.safeRunnerForClass(RunnerBuilder.java:70)
	at org.junit.internal.requests.ClassRequest.createRunner(ClassRequest.java:28)
	at org.junit.internal.requests.MemoizingRequest.getRunner(MemoizingRequest.java:19)
	at org.apache.maven.surefire.junit4.JUnit4Provider.execute(JUnit4Provider.java:314)
	at org.apache.maven.surefire.junit4.JUnit4Provider.executeWithRerun(JUnit4Provider.java:240)
	at org.apache.maven.surefire.junit4.JUnit4Provider.executeTestSet(JUnit4Provider.java:214)
	at org.apache.maven.surefire.junit4.JUnit4Provider.invoke(JUnit4Provider.java:155)
	at org.apache.maven.surefire.booter.ForkedBooter.runSuitesInProcess(ForkedBooter.java:385)
	at org.apache.maven.surefire.booter.ForkedBooter.execute(ForkedBooter.java:162)
	at org.apache.maven.surefire.booter.ForkedBooter.run(ForkedBooter.java:507)
	at org.apache.maven.surefire.booter.ForkedBooter.main(ForkedBooter.java:495)
]]></error>
  </testcase>
</testsuite>